This is pdfTeX, Version 3.1415926-2.5-1.40.14 (TeX Live 2013/Debian) (format=pdflatex 2015.9.2)  16 NOV 2016 12:10
entering extended mode
 restricted \write18 enabled.
 %&-line parsing enabled.
**Contact_Patterns_Manuscript.tex
(./Contact_Patterns_Manuscript.tex
LaTeX2e <2011/06/27>
Babel <3.9h> and hyphenation patterns for 2 languages loaded.
(./imsart.cls
Document Class: imsart 2010/04/27 driver class for package imsart.sty
(/usr/share/texlive/texmf-dist/tex/latex/base/article.cls
Document Class: article 2007/10/19 v1.4h Standard LaTeX document class
(/usr/share/texlive/texmf-dist/tex/latex/base/leqno.clo
File: leqno.clo 1998/08/17 v1.1c Standard LaTeX option (left equation numbers)
)
(/usr/share/texlive/texmf-dist/tex/latex/base/size11.clo
File: size11.clo 2007/10/19 v1.4h Standard LaTeX file (size option)
)
\c@part=\count79
\c@section=\count80
\c@subsection=\count81
\c@subsubsection=\count82
\c@paragraph=\count83
\c@subparagraph=\count84
\c@figure=\count85
\c@table=\count86
\abovecaptionskip=\skip41
\belowcaptionskip=\skip42
\bibindent=\dimen102
) (./imsart.sty
File: imsart.sty 2014/10/16IMS article style (VS)

No file imsart.cnf.
(/usr/share/texlive/texmf-dist/tex/latex/base/leqno.clo
File: leqno.clo 1998/08/17 v1.1c Standard LaTeX option (left equation numbers)
)
\c@firstpage=\count87
\c@lastpage=\count88
\c@thanks=\count89
\c@addressref=\count90

(/usr/share/texlive/texmf-dist/tex/latex/graphics/keyval.sty
Package: keyval 1999/03/16 v1.13 key=value parser (DPC)
\KV@toks@=\toks14
)
\c@emailref=\count91
\c@author=\count92
\c@address=\count93
\sv@mathsurround=\dimen103
\sv@parindent=\dimen104
\fm@box=\box26
\fm@size=\dimen105
\t@xtheight=\dimen106
\abstract@box=\box27
\keyword@box=\box28
\pre@kwd@depth=\dimen107
\keyword@toks=\toks15
\authors@list=\toks16
\keywords@list=\toks17

No file imsart-aoas.cnf.
)) (/usr/share/texlive/texmf-dist/tex/latex/base/fontenc.sty
Package: fontenc 2005/09/27 v1.99g Standard LaTeX package

(/usr/share/texlive/texmf-dist/tex/latex/base/ot1enc.def
File: ot1enc.def 2005/09/27 v1.99g Standard LaTeX file
LaTeX Font Info:    Redeclaring font encoding OT1 on input line 43.
))
(/usr/share/texlive/texmf-dist/tex/latex/amsmath/amsmath.sty
Package: amsmath 2013/01/14 v2.14 AMS math features
\@mathmargin=\skip43

For additional information on amsmath, use the `?' option.
(/usr/share/texlive/texmf-dist/tex/latex/amsmath/amstext.sty
Package: amstext 2000/06/29 v2.01

(/usr/share/texlive/texmf-dist/tex/latex/amsmath/amsgen.sty
File: amsgen.sty 1999/11/30 v2.0
\@emptytoks=\toks18
\ex@=\dimen108
))
(/usr/share/texlive/texmf-dist/tex/latex/amsmath/amsbsy.sty
Package: amsbsy 1999/11/29 v1.2d
\pmbraise@=\dimen109
)
(/usr/share/texlive/texmf-dist/tex/latex/amsmath/amsopn.sty
Package: amsopn 1999/12/14 v2.01 operator names
)
\inf@bad=\count94
LaTeX Info: Redefining \frac on input line 210.
\uproot@=\count95
\leftroot@=\count96
LaTeX Info: Redefining \overline on input line 306.
\classnum@=\count97
\DOTSCASE@=\count98
LaTeX Info: Redefining \ldots on input line 378.
LaTeX Info: Redefining \dots on input line 381.
LaTeX Info: Redefining \cdots on input line 466.
\Mathstrutbox@=\box29
\strutbox@=\box30
\big@size=\dimen110
LaTeX Font Info:    Redeclaring font encoding OML on input line 566.
LaTeX Font Info:    Redeclaring font encoding OMS on input line 567.
\macc@depth=\count99
\c@MaxMatrixCols=\count100
\dotsspace@=\muskip10
\c@parentequation=\count101
\dspbrk@lvl=\count102
\tag@help=\toks19
\row@=\count103
\column@=\count104
\maxfields@=\count105
\andhelp@=\toks20
\eqnshift@=\dimen111
\alignsep@=\dimen112
\tagshift@=\dimen113
\tagwidth@=\dimen114
\totwidth@=\dimen115
\lineht@=\dimen116
\@envbody=\toks21
\multlinegap=\skip44
\multlinetaggap=\skip45
\mathdisplay@stack=\toks22
LaTeX Info: Redefining \[ on input line 2665.
LaTeX Info: Redefining \] on input line 2666.
)
(/usr/share/texlive/texmf-dist/tex/latex/natbib/natbib.sty
Package: natbib 2010/09/13 8.31b (PWD, AO)
\bibhang=\skip46
\bibsep=\skip47
LaTeX Info: Redefining \cite on input line 694.
\c@NAT@ctr=\count106
)
(/usr/share/texlive/texmf-dist/tex/latex/hyperref/hyperref.sty
Package: hyperref 2012/11/06 v6.83m Hypertext links for LaTeX

(/usr/share/texlive/texmf-dist/tex/generic/oberdiek/hobsub-hyperref.sty
Package: hobsub-hyperref 2012/05/28 v1.13 Bundle oberdiek, subset hyperref (HO)


(/usr/share/texlive/texmf-dist/tex/generic/oberdiek/hobsub-generic.sty
Package: hobsub-generic 2012/05/28 v1.13 Bundle oberdiek, subset generic (HO)
Package: hobsub 2012/05/28 v1.13 Construct package bundles (HO)
Package: infwarerr 2010/04/08 v1.3 Providing info/warning/error messages (HO)
Package: ltxcmds 2011/11/09 v1.22 LaTeX kernel commands for general use (HO)
Package: ifluatex 2010/03/01 v1.3 Provides the ifluatex switch (HO)
Package ifluatex Info: LuaTeX not detected.
Package: ifvtex 2010/03/01 v1.5 Detect VTeX and its facilities (HO)
Package ifvtex Info: VTeX not detected.
Package: intcalc 2007/09/27 v1.1 Expandable calculations with integers (HO)
Package: ifpdf 2011/01/30 v2.3 Provides the ifpdf switch (HO)
Package ifpdf Info: pdfTeX in PDF mode is detected.
Package: etexcmds 2011/02/16 v1.5 Avoid name clashes with e-TeX commands (HO)
Package etexcmds Info: Could not find \expanded.
(etexcmds)             That can mean that you are not using pdfTeX 1.50 or
(etexcmds)             that some package has redefined \expanded.
(etexcmds)             In the latter case, load this package earlier.
Package: kvsetkeys 2012/04/25 v1.16 Key value parser (HO)
Package: kvdefinekeys 2011/04/07 v1.3 Define keys (HO)
Package: pdftexcmds 2011/11/29 v0.20 Utility functions of pdfTeX for LuaTeX (HO
)
Package pdftexcmds Info: LuaTeX not detected.
Package pdftexcmds Info: \pdf@primitive is available.
Package pdftexcmds Info: \pdf@ifprimitive is available.
Package pdftexcmds Info: \pdfdraftmode found.
Package: pdfescape 2011/11/25 v1.13 Implements pdfTeX's escape features (HO)
Package: bigintcalc 2012/04/08 v1.3 Expandable calculations on big integers (HO
)
Package: bitset 2011/01/30 v1.1 Handle bit-vector datatype (HO)
Package: uniquecounter 2011/01/30 v1.2 Provide unlimited unique counter (HO)
)
Package hobsub Info: Skipping package `hobsub' (already loaded).
Package: letltxmacro 2010/09/02 v1.4 Let assignment for LaTeX macros (HO)
Package: hopatch 2012/05/28 v1.2 Wrapper for package hooks (HO)
Package: xcolor-patch 2011/01/30 xcolor patch
Package: atveryend 2011/06/30 v1.8 Hooks at the very end of document (HO)
Package atveryend Info: \old@enddocument detected (standard20110627).
Package: atbegshi 2011/10/05 v1.16 At begin shipout hook (HO)
Package: refcount 2011/10/16 v3.4 Data extraction from label references (HO)
Package: hycolor 2011/01/30 v1.7 Color options for hyperref/bookmark (HO)
)
(/usr/share/texlive/texmf-dist/tex/generic/ifxetex/ifxetex.sty
Package: ifxetex 2010/09/12 v0.6 Provides ifxetex conditional
)
(/usr/share/texlive/texmf-dist/tex/latex/oberdiek/auxhook.sty
Package: auxhook 2011/03/04 v1.3 Hooks for auxiliary files (HO)
)
(/usr/share/texlive/texmf-dist/tex/latex/oberdiek/kvoptions.sty
Package: kvoptions 2011/06/30 v3.11 Key value format for package options (HO)
)
\@linkdim=\dimen117
\Hy@linkcounter=\count107
\Hy@pagecounter=\count108

(/usr/share/texlive/texmf-dist/tex/latex/hyperref/pd1enc.def
File: pd1enc.def 2012/11/06 v6.83m Hyperref: PDFDocEncoding definition (HO)
)
\Hy@SavedSpaceFactor=\count109

(/usr/share/texlive/texmf-dist/tex/latex/latexconfig/hyperref.cfg
File: hyperref.cfg 2002/06/06 v1.2 hyperref configuration of TeXLive
)
Package hyperref Info: Option `colorlinks' set `true' on input line 4319.


Package hyperref Warning: Option `pagecolor' is not available anymore.

Package hyperref Info: Option `linktocpage' set `true' on input line 4319.
Package hyperref Info: Option `colorlinks' set `true' on input line 4319.
Package hyperref Info: Hyper figures OFF on input line 4443.
Package hyperref Info: Link nesting OFF on input line 4448.
Package hyperref Info: Hyper index ON on input line 4451.
Package hyperref Info: Plain pages OFF on input line 4458.
Package hyperref Info: Backreferencing OFF on input line 4463.
Package hyperref Info: Implicit mode ON; LaTeX internals redefined.
Package hyperref Info: Bookmarks ON on input line 4688.
\c@Hy@tempcnt=\count110
(/usr/share/texlive/texmf-dist/tex/latex/url/url.sty
\Urlmuskip=\muskip11
Package: url 2013/09/16  ver 3.4  Verb mode for urls, etc.
)
LaTeX Info: Redefining \url on input line 5041.
\XeTeXLinkMargin=\dimen118
\Fld@menulength=\count111
\Field@Width=\dimen119
\Fld@charsize=\dimen120
Package hyperref Info: Hyper figures OFF on input line 6295.
Package hyperref Info: Link nesting OFF on input line 6300.
Package hyperref Info: Hyper index ON on input line 6303.
Package hyperref Info: backreferencing OFF on input line 6310.
Package hyperref Info: Link coloring ON on input line 6313.
Package hyperref Info: Link coloring with OCG OFF on input line 6320.
Package hyperref Info: PDF/A mode OFF on input line 6325.
LaTeX Info: Redefining \ref on input line 6365.
LaTeX Info: Redefining \pageref on input line 6369.
\Hy@abspage=\count112
\c@Item=\count113
\c@Hfootnote=\count114
)

Package hyperref Message: Driver (autodetected): hpdftex.

(/usr/share/texlive/texmf-dist/tex/latex/hyperref/hpdftex.def
File: hpdftex.def 2012/11/06 v6.83m Hyperref driver for pdfTeX
\Fld@listcount=\count115
\c@bookmark@seq@number=\count116

(/usr/share/texlive/texmf-dist/tex/latex/oberdiek/rerunfilecheck.sty
Package: rerunfilecheck 2011/04/15 v1.7 Rerun checks for auxiliary files (HO)
Package uniquecounter Info: New unique counter `rerunfilecheck' on input line 2
82.
)
\Hy@SectionHShift=\skip48
)
(/usr/share/texlive/texmf-dist/tex/latex/tools/bm.sty
Package: bm 2004/02/26 v1.1c Bold Symbol Support (DPC/FMi)
\symboldoperators=\mathgroup4
\symboldletters=\mathgroup5
\symboldsymbols=\mathgroup6
LaTeX Font Info:    Redeclaring math alphabet \mathbf on input line 138.
LaTeX Info: Redefining \bm on input line 204.
)
(/usr/share/texlive/texmf-dist/tex/latex/graphics/graphicx.sty
Package: graphicx 1999/02/16 v1.0f Enhanced LaTeX Graphics (DPC,SPQR)

(/usr/share/texlive/texmf-dist/tex/latex/graphics/graphics.sty
Package: graphics 2009/02/05 v1.0o Standard LaTeX Graphics (DPC,SPQR)

(/usr/share/texlive/texmf-dist/tex/latex/graphics/trig.sty
Package: trig 1999/03/16 v1.09 sin cos tan (DPC)
)
(/usr/share/texlive/texmf-dist/tex/latex/latexconfig/graphics.cfg
File: graphics.cfg 2010/04/23 v1.9 graphics configuration of TeX Live
)
Package graphics Info: Driver file: pdftex.def on input line 91.

(/usr/share/texlive/texmf-dist/tex/latex/pdftex-def/pdftex.def
File: pdftex.def 2011/05/27 v0.06d Graphics/color for pdfTeX
\Gread@gobject=\count117
))
\Gin@req@height=\dimen121
\Gin@req@width=\dimen122
)
(./Contact_Patterns_Manuscript.aux

LaTeX Warning: Label `m1thanks' multiply defined.


LaTeX Warning: Label `m2thanks' multiply defined.

)
\openout1 = `Contact_Patterns_Manuscript.aux'.

LaTeX Font Info:    Checking defaults for OML/cmm/m/it on input line 22.
LaTeX Font Info:    ... okay on input line 22.
LaTeX Font Info:    Checking defaults for T1/cmr/m/n on input line 22.
LaTeX Font Info:    ... okay on input line 22.
LaTeX Font Info:    Checking defaults for OT1/cmr/m/n on input line 22.
LaTeX Font Info:    ... okay on input line 22.
LaTeX Font Info:    Checking defaults for OMS/cmsy/m/n on input line 22.
LaTeX Font Info:    ... okay on input line 22.
LaTeX Font Info:    Checking defaults for OMX/cmex/m/n on input line 22.
LaTeX Font Info:    ... okay on input line 22.
LaTeX Font Info:    Checking defaults for U/cmr/m/n on input line 22.
LaTeX Font Info:    ... okay on input line 22.
LaTeX Font Info:    Checking defaults for PD1/pdf/m/n on input line 22.
LaTeX Font Info:    ... okay on input line 22.
\AtBeginShipoutBox=\box31
 (/usr/share/texlive/texmf-dist/tex/latex/graphics/color.sty
Package: color 2005/11/14 v1.0j Standard LaTeX Color (DPC)

(/usr/share/texlive/texmf-dist/tex/latex/latexconfig/color.cfg
File: color.cfg 2007/01/18 v1.5 color configuration of teTeX/TeXLive
)
Package color Info: Driver file: pdftex.def on input line 130.
)
Package hyperref Info: Link coloring ON on input line 22.

(/usr/share/texlive/texmf-dist/tex/latex/hyperref/nameref.sty
Package: nameref 2012/10/27 v2.43 Cross-referencing by name of section

(/usr/share/texlive/texmf-dist/tex/generic/oberdiek/gettitlestring.sty
Package: gettitlestring 2010/12/03 v1.4 Cleanup title references (HO)
)
\c@section@level=\count118
)
LaTeX Info: Redefining \ref on input line 22.
LaTeX Info: Redefining \pageref on input line 22.
LaTeX Info: Redefining \nameref on input line 22.

(./Contact_Patterns_Manuscript.out) (./Contact_Patterns_Manuscript.out)
\@outlinefile=\write3
\openout3 = `Contact_Patterns_Manuscript.out'.


(/usr/share/texlive/texmf-dist/tex/context/base/supp-pdf.mkii
[Loading MPS to PDF converter (version 2006.09.02).]
\scratchcounter=\count119
\scratchdimen=\dimen123
\scratchbox=\box32
\nofMPsegments=\count120
\nofMParguments=\count121
\everyMPshowfont=\toks23
\MPscratchCnt=\count122
\MPscratchDim=\dimen124
\MPnumerator=\count123
\makeMPintoPDFobject=\count124
\everyMPtoPDFconversion=\toks24
) (/usr/share/texlive/texmf-dist/tex/latex/oberdiek/epstopdf-base.sty
Package: epstopdf-base 2010/02/09 v2.5 Base part for package epstopdf

(/usr/share/texlive/texmf-dist/tex/latex/oberdiek/grfext.sty
Package: grfext 2010/08/19 v1.1 Manage graphics extensions (HO)
)
Package grfext Info: Graphics extension search list:
(grfext)             [.png,.pdf,.jpg,.mps,.jpeg,.jbig2,.jb2,.PNG,.PDF,.JPG,.JPE
G,.JBIG2,.JB2,.eps]
(grfext)             \AppendGraphicsExtensions on input line 452.

(/usr/share/texlive/texmf-dist/tex/latex/latexconfig/epstopdf-sys.cfg
File: epstopdf-sys.cfg 2010/07/13 v1.3 Configuration of (r)epstopdf for TeX Liv
e
))
LaTeX Font Info:    External font `cmex10' loaded for size
(Font)              <10.95> on input line 25.
LaTeX Font Info:    External font `cmex10' loaded for size
(Font)              <8> on input line 25.
LaTeX Font Info:    External font `cmex10' loaded for size
(Font)              <6> on input line 25.
LaTeX Font Info:    External font `cmex10' loaded for size
(Font)              <5> on input line 29.
\@address@1=\toks25
\@address@2=\toks26
LaTeX Font Info:    External font `cmex10' loaded for size
(Font)              <9> on input line 70.

[1{/var/lib/texmf/fonts/map/pdftex/updmap/pdftex.map}

]
Missing character: There is no √ in font cmr10!
Missing character: There is no © in font cmr10!
 [2]
Overfull \hbox (6.90208pt too wide) in paragraph at lines 84--85
[]\OT1/cmr/m/n/10.95 Recent de-vel-op-ments in com-pu-ta-tional in-ten-sive sta
-tis-ti-cal meth-ods present
 []

[3]
Overfull \hbox (2.32448pt too wide) in paragraph at lines 108--109
 \OT1/cmr/m/n/10.95 2.2.\OT1/cmr/m/it/10.95 Inferring con-tact rates from re-po
rted con-tacts.[][] \OT1/cmr/m/n/10.95 We in-fer con-tact rates
 []

[4]
Missing character: There is no ‚ in font cmr10!
Missing character: There is no Å in font cmr10!
Missing character: There is no ° in font cmr10!
Missing character: There is no ‚ in font cmr10!
Missing character: There is no Å in font cmr10!
Missing character: There is no ° in font cmr10!
 [5] <fig_contact_matrix_construct.pdf, id=268, 369.38pt x 369.38pt>
File: fig_contact_matrix_construct.pdf Graphic file (type pdf)

<use fig_contact_matrix_construct.pdf>
Package pdftex.def Info: fig_contact_matrix_construct.pdf used on input line 13
3.
(pdftex.def)             Requested size: 369.37909pt x 369.37909pt.

Overfull \hbox (9.37909pt too wide) in paragraph at lines 133--134
 [][] 
 []

[6] [7 <./fig_contact_matrix_construct.pdf>]
Overfull \hbox (3.90425pt too wide) in paragraph at lines 159--160
\OT1/cmr/m/n/10.95 Watanabe-Akaike or widely ap-pli-ca-ble in-for-ma-tion cri-t
e-rion (WAIC) ([][]Watan-
 []

[8] [9]
Missing character: There is no ‚ in font cmr10!
Missing character: There is no Ä in font cmr10!
Missing character: There is no ô in font cmr10!
 <fig_contact_matrix_crude.pdf, id=346, 369.38pt x 369.38pt>
File: fig_contact_matrix_crude.pdf Graphic file (type pdf)

<use fig_contact_matrix_crude.pdf>
Package pdftex.def Info: fig_contact_matrix_crude.pdf used on input line 185.
(pdftex.def)             Requested size: 369.37909pt x 369.37909pt.

Overfull \hbox (9.37909pt too wide) in paragraph at lines 185--186
 [][] 
 []

<fig_contact_matrix_smooth.pdf, id=349, 369.38pt x 369.38pt>
File: fig_contact_matrix_smooth.pdf Graphic file (type pdf)

<use fig_contact_matrix_smooth.pdf>
Package pdftex.def Info: fig_contact_matrix_smooth.pdf used on input line 191.
(pdftex.def)             Requested size: 369.37909pt x 369.37909pt.

Overfull \hbox (9.37909pt too wide) in paragraph at lines 191--192
 [][] 
 []

<fig_cross_section.pdf, id=350, 369.38pt x 369.38pt>
File: fig_cross_section.pdf Graphic file (type pdf)

<use fig_cross_section.pdf>
Package pdftex.def Info: fig_cross_section.pdf used on input line 198.
(pdftex.def)             Requested size: 369.37909pt x 369.37909pt.

Overfull \hbox (9.37909pt too wide) in paragraph at lines 198--199
 [][] 
 []

[10] [11 <./fig_contact_matrix_crude.pdf>] [12 <./fig_contact_matrix_smooth.pdf
>] [13 <./fig_cross_section.pdf>]
<fig_pit.pdf, id=408, 369.38pt x 141.52875pt>
File: fig_pit.pdf Graphic file (type pdf)
 <use fig_pit.pdf>
Package pdftex.def Info: fig_pit.pdf used on input line 231.
(pdftex.def)             Requested size: 369.37909pt x 141.5284pt.

Overfull \hbox (9.37909pt too wide) in paragraph at lines 231--232
 [][] 
 []


Overfull \hbox (2.24536pt too wide) in paragraph at lines 237--238
 \OT1/cmr/m/n/10.95 3.4.\OT1/cmr/m/it/10.95 Differences in pro-jected age-speci
fic risk of in-fec-tion be-tween the sexes.[][]
 []

[14] [15 <./fig_pit.pdf>]
<fig_relative_infection_incidence.pdf, id=431, 369.38pt x 184.69pt>
File: fig_relative_infection_incidence.pdf Graphic file (type pdf)

<use fig_relative_infection_incidence.pdf>
Package pdftex.def Info: fig_relative_infection_incidence.pdf used on input lin
e 243.
(pdftex.def)             Requested size: 369.37909pt x 184.68953pt.

Overfull \hbox (9.37909pt too wide) in paragraph at lines 243--244
 [][] 
 []

<fig_influenza_mortality.pdf, id=432, 369.38pt x 184.69pt>
File: fig_influenza_mortality.pdf Graphic file (type pdf)

<use fig_influenza_mortality.pdf>
Package pdftex.def Info: fig_influenza_mortality.pdf used on input line 249.
(pdftex.def)             Requested size: 369.37909pt x 184.68953pt.

Overfull \hbox (9.37909pt too wide) in paragraph at lines 249--250
 [][] 
 []

[16 <./fig_relative_infection_incidence.pdf>] [17 <./fig_influenza_mortality.pd
f>] [18] [19] [20] (./Contact_Patterns_Manuscript.bbl
Missing character: There is no ‚ in font cmcsc10!
Missing character: There is no Ä in font cmcsc10!
Missing character: There is no ô in font cmcsc10!
 [21]
Missing character: There is no √ in font cmcsc10!
Missing character: There is no ≠ in font cmcsc10!

Underfull \hbox (badness 1259) in paragraph at lines 427--440
[]\OT1/cmr/m/sc/9 Mehl, M. R.\OT1/cmr/m/n/9 , \OT1/cmr/m/sc/9 Vazire, S.\OT1/cm
r/m/n/9 , \OT1/cmr/m/sc/9 Ramrez-Esparza, N.\OT1/cmr/m/n/9 , \OT1/cmr/m/sc/9 Sl
atcher, R. B. \OT1/cmr/m/n/9 and \OT1/cmr/m/sc/9 Pen-
 []

[22]
Missing character: There is no √ in font cmcsc10!
Missing character: There is no © in font cmcsc10!
)
Package atveryend Info: Empty hook `BeforeClearDocument' on input line 291.
 [23] [24]
Package atveryend Info: Empty hook `AfterLastShipout' on input line 291.
 (./Contact_Patterns_Manuscript.aux)
Package atveryend Info: Executing hook `AtVeryEndDocument' on input line 291.
Package atveryend Info: Executing hook `AtEndAfterFileList' on input line 291.
Package rerunfilecheck Info: File `Contact_Patterns_Manuscript.out' has not cha
nged.
(rerunfilecheck)             Checksum: E7B2172D8CF57BABBC9406F93FA012AD;1087.


LaTeX Warning: There were multiply-defined labels.

Package atveryend Info: Empty hook `AtVeryVeryEnd' on input line 291.
 ) 
Here is how much of TeX's memory you used:
 7293 strings out of 495028
 104069 string characters out of 6181498
 190956 words of memory out of 5000000
 10310 multiletter control sequences out of 15000+600000
 15007 words of font info for 51 fonts, out of 8000000 for 9000
 14 hyphenation exceptions out of 8191
 34i,11n,35p,1539b,523s stack positions out of 5000i,500n,10000p,200000b,80000s
</usr/share/texlive/texmf-dist/fonts/type1/public/amsfonts/cm/cmbx10.pfb></us
r/share/texlive/texmf-dist/fonts/type1/public/amsfonts/cm/cmbx9.pfb></usr/share
/texlive/texmf-dist/fonts/type1/public/amsfonts/cm/cmcsc10.pfb></usr/share/texl
ive/texmf-dist/fonts/type1/public/amsfonts/cm/cmmi10.pfb></usr/share/texlive/te
xmf-dist/fonts/type1/public/amsfonts/cm/cmmi6.pfb></usr/share/texlive/texmf-dis
t/fonts/type1/public/amsfonts/cm/cmmi8.pfb></usr/share/texlive/texmf-dist/fonts
/type1/public/amsfonts/cm/cmmi9.pfb></usr/share/texlive/texmf-dist/fonts/type1/
public/amsfonts/cm/cmmib10.pfb></usr/share/texlive/texmf-dist/fonts/type1/publi
c/amsfonts/cm/cmr10.pfb></usr/share/texlive/texmf-dist/fonts/type1/public/amsfo
nts/cm/cmr6.pfb></usr/share/texlive/texmf-dist/fonts/type1/public/amsfonts/cm/c
mr8.pfb></usr/share/texlive/texmf-dist/fonts/type1/public/amsfonts/cm/cmr9.pfb>
</usr/share/texlive/texmf-dist/fonts/type1/public/amsfonts/cm/cmsy10.pfb></usr/
share/texlive/texmf-dist/fonts/type1/public/amsfonts/cm/cmsy6.pfb></usr/share/t
exlive/texmf-dist/fonts/type1/public/amsfonts/cm/cmsy8.pfb></usr/share/texlive/
texmf-dist/fonts/type1/public/amsfonts/cm/cmti10.pfb></usr/share/texlive/texmf-
dist/fonts/type1/public/amsfonts/cm/cmti7.pfb></usr/share/texlive/texmf-dist/fo
nts/type1/public/amsfonts/cm/cmti8.pfb></usr/share/texlive/texmf-dist/fonts/typ
e1/public/amsfonts/cm/cmti9.pfb></usr/share/texlive/texmf-dist/fonts/type1/publ
ic/amsfonts/cm/cmtt9.pfb>
Output written on Contact_Patterns_Manuscript.pdf (24 pages, 468723 bytes).
PDF statistics:
 635 PDF objects out of 1000 (max. 8388607)
 551 compressed objects within 6 object streams
 112 named destinations out of 1000 (max. 500000)
 164 words of extra memory for PDF output out of 10000 (max. 10000000)

