This is pdfTeX, Version 3.1415926-2.5-1.40.14 (TeX Live 2013/Debian) (format=pdflatex 2015.9.2)  16 NOV 2016 10:49
entering extended mode
 restricted \write18 enabled.
 %&-line parsing enabled.
**Contact_Patterns_SuppMat.tex
(./Contact_Patterns_SuppMat.tex
LaTeX2e <2011/06/27>
Babel <3.9h> and hyphenation patterns for 2 languages loaded.
(./imsart.cls
Document Class: imsart 2010/04/27 driver class for package imsart.sty
(/usr/share/texlive/texmf-dist/tex/latex/base/article.cls
Document Class: article 2007/10/19 v1.4h Standard LaTeX document class
(/usr/share/texlive/texmf-dist/tex/latex/base/leqno.clo
File: leqno.clo 1998/08/17 v1.1c Standard LaTeX option (left equation numbers)
)
(/usr/share/texlive/texmf-dist/tex/latex/base/size11.clo
File: size11.clo 2007/10/19 v1.4h Standard LaTeX file (size option)
)
\c@part=\count79
\c@section=\count80
\c@subsection=\count81
\c@subsubsection=\count82
\c@paragraph=\count83
\c@subparagraph=\count84
\c@figure=\count85
\c@table=\count86
\abovecaptionskip=\skip41
\belowcaptionskip=\skip42
\bibindent=\dimen102
) (./imsart.sty
File: imsart.sty 2014/10/16IMS article style (VS)

No file imsart.cnf.
(/usr/share/texlive/texmf-dist/tex/latex/base/leqno.clo
File: leqno.clo 1998/08/17 v1.1c Standard LaTeX option (left equation numbers)
)
\c@firstpage=\count87
\c@lastpage=\count88
\c@thanks=\count89
\c@addressref=\count90

(/usr/share/texlive/texmf-dist/tex/latex/graphics/keyval.sty
Package: keyval 1999/03/16 v1.13 key=value parser (DPC)
\KV@toks@=\toks14
)
\c@emailref=\count91
\c@author=\count92
\c@address=\count93
\sv@mathsurround=\dimen103
\sv@parindent=\dimen104
\fm@box=\box26
\fm@size=\dimen105
\t@xtheight=\dimen106
\abstract@box=\box27
\keyword@box=\box28
\pre@kwd@depth=\dimen107
\keyword@toks=\toks15
\authors@list=\toks16
\keywords@list=\toks17

No file imsart-aoas.cnf.
)) (/usr/share/texlive/texmf-dist/tex/latex/base/fontenc.sty
Package: fontenc 2005/09/27 v1.99g Standard LaTeX package

(/usr/share/texlive/texmf-dist/tex/latex/base/ot1enc.def
File: ot1enc.def 2005/09/27 v1.99g Standard LaTeX file
LaTeX Font Info:    Redeclaring font encoding OT1 on input line 43.
))
(/usr/share/texlive/texmf-dist/tex/latex/amsmath/amsmath.sty
Package: amsmath 2013/01/14 v2.14 AMS math features
\@mathmargin=\skip43

For additional information on amsmath, use the `?' option.
(/usr/share/texlive/texmf-dist/tex/latex/amsmath/amstext.sty
Package: amstext 2000/06/29 v2.01

(/usr/share/texlive/texmf-dist/tex/latex/amsmath/amsgen.sty
File: amsgen.sty 1999/11/30 v2.0
\@emptytoks=\toks18
\ex@=\dimen108
))
(/usr/share/texlive/texmf-dist/tex/latex/amsmath/amsbsy.sty
Package: amsbsy 1999/11/29 v1.2d
\pmbraise@=\dimen109
)
(/usr/share/texlive/texmf-dist/tex/latex/amsmath/amsopn.sty
Package: amsopn 1999/12/14 v2.01 operator names
)
\inf@bad=\count94
LaTeX Info: Redefining \frac on input line 210.
\uproot@=\count95
\leftroot@=\count96
LaTeX Info: Redefining \overline on input line 306.
\classnum@=\count97
\DOTSCASE@=\count98
LaTeX Info: Redefining \ldots on input line 378.
LaTeX Info: Redefining \dots on input line 381.
LaTeX Info: Redefining \cdots on input line 466.
\Mathstrutbox@=\box29
\strutbox@=\box30
\big@size=\dimen110
LaTeX Font Info:    Redeclaring font encoding OML on input line 566.
LaTeX Font Info:    Redeclaring font encoding OMS on input line 567.
\macc@depth=\count99
\c@MaxMatrixCols=\count100
\dotsspace@=\muskip10
\c@parentequation=\count101
\dspbrk@lvl=\count102
\tag@help=\toks19
\row@=\count103
\column@=\count104
\maxfields@=\count105
\andhelp@=\toks20
\eqnshift@=\dimen111
\alignsep@=\dimen112
\tagshift@=\dimen113
\tagwidth@=\dimen114
\totwidth@=\dimen115
\lineht@=\dimen116
\@envbody=\toks21
\multlinegap=\skip44
\multlinetaggap=\skip45
\mathdisplay@stack=\toks22
LaTeX Info: Redefining \[ on input line 2665.
LaTeX Info: Redefining \] on input line 2666.
)
(/usr/share/texlive/texmf-dist/tex/latex/natbib/natbib.sty
Package: natbib 2010/09/13 8.31b (PWD, AO)
\bibhang=\skip46
\bibsep=\skip47
LaTeX Info: Redefining \cite on input line 694.
\c@NAT@ctr=\count106
)
(/usr/share/texlive/texmf-dist/tex/latex/hyperref/hyperref.sty
Package: hyperref 2012/11/06 v6.83m Hypertext links for LaTeX

(/usr/share/texlive/texmf-dist/tex/generic/oberdiek/hobsub-hyperref.sty
Package: hobsub-hyperref 2012/05/28 v1.13 Bundle oberdiek, subset hyperref (HO)


(/usr/share/texlive/texmf-dist/tex/generic/oberdiek/hobsub-generic.sty
Package: hobsub-generic 2012/05/28 v1.13 Bundle oberdiek, subset generic (HO)
Package: hobsub 2012/05/28 v1.13 Construct package bundles (HO)
Package: infwarerr 2010/04/08 v1.3 Providing info/warning/error messages (HO)
Package: ltxcmds 2011/11/09 v1.22 LaTeX kernel commands for general use (HO)
Package: ifluatex 2010/03/01 v1.3 Provides the ifluatex switch (HO)
Package ifluatex Info: LuaTeX not detected.
Package: ifvtex 2010/03/01 v1.5 Detect VTeX and its facilities (HO)
Package ifvtex Info: VTeX not detected.
Package: intcalc 2007/09/27 v1.1 Expandable calculations with integers (HO)
Package: ifpdf 2011/01/30 v2.3 Provides the ifpdf switch (HO)
Package ifpdf Info: pdfTeX in PDF mode is detected.
Package: etexcmds 2011/02/16 v1.5 Avoid name clashes with e-TeX commands (HO)
Package etexcmds Info: Could not find \expanded.
(etexcmds)             That can mean that you are not using pdfTeX 1.50 or
(etexcmds)             that some package has redefined \expanded.
(etexcmds)             In the latter case, load this package earlier.
Package: kvsetkeys 2012/04/25 v1.16 Key value parser (HO)
Package: kvdefinekeys 2011/04/07 v1.3 Define keys (HO)
Package: pdftexcmds 2011/11/29 v0.20 Utility functions of pdfTeX for LuaTeX (HO
)
Package pdftexcmds Info: LuaTeX not detected.
Package pdftexcmds Info: \pdf@primitive is available.
Package pdftexcmds Info: \pdf@ifprimitive is available.
Package pdftexcmds Info: \pdfdraftmode found.
Package: pdfescape 2011/11/25 v1.13 Implements pdfTeX's escape features (HO)
Package: bigintcalc 2012/04/08 v1.3 Expandable calculations on big integers (HO
)
Package: bitset 2011/01/30 v1.1 Handle bit-vector datatype (HO)
Package: uniquecounter 2011/01/30 v1.2 Provide unlimited unique counter (HO)
)
Package hobsub Info: Skipping package `hobsub' (already loaded).
Package: letltxmacro 2010/09/02 v1.4 Let assignment for LaTeX macros (HO)
Package: hopatch 2012/05/28 v1.2 Wrapper for package hooks (HO)
Package: xcolor-patch 2011/01/30 xcolor patch
Package: atveryend 2011/06/30 v1.8 Hooks at the very end of document (HO)
Package atveryend Info: \old@enddocument detected (standard20110627).
Package: atbegshi 2011/10/05 v1.16 At begin shipout hook (HO)
Package: refcount 2011/10/16 v3.4 Data extraction from label references (HO)
Package: hycolor 2011/01/30 v1.7 Color options for hyperref/bookmark (HO)
)
(/usr/share/texlive/texmf-dist/tex/generic/ifxetex/ifxetex.sty
Package: ifxetex 2010/09/12 v0.6 Provides ifxetex conditional
)
(/usr/share/texlive/texmf-dist/tex/latex/oberdiek/auxhook.sty
Package: auxhook 2011/03/04 v1.3 Hooks for auxiliary files (HO)
)
(/usr/share/texlive/texmf-dist/tex/latex/oberdiek/kvoptions.sty
Package: kvoptions 2011/06/30 v3.11 Key value format for package options (HO)
)
\@linkdim=\dimen117
\Hy@linkcounter=\count107
\Hy@pagecounter=\count108

(/usr/share/texlive/texmf-dist/tex/latex/hyperref/pd1enc.def
File: pd1enc.def 2012/11/06 v6.83m Hyperref: PDFDocEncoding definition (HO)
)
\Hy@SavedSpaceFactor=\count109

(/usr/share/texlive/texmf-dist/tex/latex/latexconfig/hyperref.cfg
File: hyperref.cfg 2002/06/06 v1.2 hyperref configuration of TeXLive
)
Package hyperref Info: Option `colorlinks' set `true' on input line 4319.


Package hyperref Warning: Option `pagecolor' is not available anymore.

Package hyperref Info: Option `linktocpage' set `true' on input line 4319.
Package hyperref Info: Option `colorlinks' set `true' on input line 4319.
Package hyperref Info: Hyper figures OFF on input line 4443.
Package hyperref Info: Link nesting OFF on input line 4448.
Package hyperref Info: Hyper index ON on input line 4451.
Package hyperref Info: Plain pages OFF on input line 4458.
Package hyperref Info: Backreferencing OFF on input line 4463.
Package hyperref Info: Implicit mode ON; LaTeX internals redefined.
Package hyperref Info: Bookmarks ON on input line 4688.
\c@Hy@tempcnt=\count110
(/usr/share/texlive/texmf-dist/tex/latex/url/url.sty
\Urlmuskip=\muskip11
Package: url 2013/09/16  ver 3.4  Verb mode for urls, etc.
)
LaTeX Info: Redefining \url on input line 5041.
\XeTeXLinkMargin=\dimen118
\Fld@menulength=\count111
\Field@Width=\dimen119
\Fld@charsize=\dimen120
Package hyperref Info: Hyper figures OFF on input line 6295.
Package hyperref Info: Link nesting OFF on input line 6300.
Package hyperref Info: Hyper index ON on input line 6303.
Package hyperref Info: backreferencing OFF on input line 6310.
Package hyperref Info: Link coloring ON on input line 6313.
Package hyperref Info: Link coloring with OCG OFF on input line 6320.
Package hyperref Info: PDF/A mode OFF on input line 6325.
LaTeX Info: Redefining \ref on input line 6365.
LaTeX Info: Redefining \pageref on input line 6369.
\Hy@abspage=\count112
\c@Item=\count113
\c@Hfootnote=\count114
)

Package hyperref Message: Driver (autodetected): hpdftex.

(/usr/share/texlive/texmf-dist/tex/latex/hyperref/hpdftex.def
File: hpdftex.def 2012/11/06 v6.83m Hyperref driver for pdfTeX
\Fld@listcount=\count115
\c@bookmark@seq@number=\count116

(/usr/share/texlive/texmf-dist/tex/latex/oberdiek/rerunfilecheck.sty
Package: rerunfilecheck 2011/04/15 v1.7 Rerun checks for auxiliary files (HO)
Package uniquecounter Info: New unique counter `rerunfilecheck' on input line 2
82.
)
\Hy@SectionHShift=\skip48
)
(/usr/share/texlive/texmf-dist/tex/latex/tools/bm.sty
Package: bm 2004/02/26 v1.1c Bold Symbol Support (DPC/FMi)
\symboldoperators=\mathgroup4
\symboldletters=\mathgroup5
\symboldsymbols=\mathgroup6
LaTeX Font Info:    Redeclaring math alphabet \mathbf on input line 138.
LaTeX Info: Redefining \bm on input line 204.
)
(/usr/share/texlive/texmf-dist/tex/latex/graphics/graphicx.sty
Package: graphicx 1999/02/16 v1.0f Enhanced LaTeX Graphics (DPC,SPQR)

(/usr/share/texlive/texmf-dist/tex/latex/graphics/graphics.sty
Package: graphics 2009/02/05 v1.0o Standard LaTeX Graphics (DPC,SPQR)

(/usr/share/texlive/texmf-dist/tex/latex/graphics/trig.sty
Package: trig 1999/03/16 v1.09 sin cos tan (DPC)
)
(/usr/share/texlive/texmf-dist/tex/latex/latexconfig/graphics.cfg
File: graphics.cfg 2010/04/23 v1.9 graphics configuration of TeX Live
)
Package graphics Info: Driver file: pdftex.def on input line 91.

(/usr/share/texlive/texmf-dist/tex/latex/pdftex-def/pdftex.def
File: pdftex.def 2011/05/27 v0.06d Graphics/color for pdfTeX
\Gread@gobject=\count117
))
\Gin@req@height=\dimen121
\Gin@req@width=\dimen122
)
(./Contact_Patterns_SuppMat.aux)
\openout1 = `Contact_Patterns_SuppMat.aux'.

LaTeX Font Info:    Checking defaults for OML/cmm/m/it on input line 22.
LaTeX Font Info:    ... okay on input line 22.
LaTeX Font Info:    Checking defaults for T1/cmr/m/n on input line 22.
LaTeX Font Info:    ... okay on input line 22.
LaTeX Font Info:    Checking defaults for OT1/cmr/m/n on input line 22.
LaTeX Font Info:    ... okay on input line 22.
LaTeX Font Info:    Checking defaults for OMS/cmsy/m/n on input line 22.
LaTeX Font Info:    ... okay on input line 22.
LaTeX Font Info:    Checking defaults for OMX/cmex/m/n on input line 22.
LaTeX Font Info:    ... okay on input line 22.
LaTeX Font Info:    Checking defaults for U/cmr/m/n on input line 22.
LaTeX Font Info:    ... okay on input line 22.
LaTeX Font Info:    Checking defaults for PD1/pdf/m/n on input line 22.
LaTeX Font Info:    ... okay on input line 22.
\AtBeginShipoutBox=\box31

(/usr/share/texlive/texmf-dist/tex/latex/graphics/color.sty
Package: color 2005/11/14 v1.0j Standard LaTeX Color (DPC)

(/usr/share/texlive/texmf-dist/tex/latex/latexconfig/color.cfg
File: color.cfg 2007/01/18 v1.5 color configuration of teTeX/TeXLive
)
Package color Info: Driver file: pdftex.def on input line 130.
)
Package hyperref Info: Link coloring ON on input line 22.

(/usr/share/texlive/texmf-dist/tex/latex/hyperref/nameref.sty
Package: nameref 2012/10/27 v2.43 Cross-referencing by name of section

(/usr/share/texlive/texmf-dist/tex/generic/oberdiek/gettitlestring.sty
Package: gettitlestring 2010/12/03 v1.4 Cleanup title references (HO)
)
\c@section@level=\count118
)
LaTeX Info: Redefining \ref on input line 22.
LaTeX Info: Redefining \pageref on input line 22.
LaTeX Info: Redefining \nameref on input line 22.

(./Contact_Patterns_SuppMat.out) (./Contact_Patterns_SuppMat.out)
\@outlinefile=\write3
\openout3 = `Contact_Patterns_SuppMat.out'.


(/usr/share/texlive/texmf-dist/tex/context/base/supp-pdf.mkii
[Loading MPS to PDF converter (version 2006.09.02).]
\scratchcounter=\count119
\scratchdimen=\dimen123
\scratchbox=\box32
\nofMPsegments=\count120
\nofMParguments=\count121
\everyMPshowfont=\toks23
\MPscratchCnt=\count122
\MPscratchDim=\dimen124
\MPnumerator=\count123
\makeMPintoPDFobject=\count124
\everyMPtoPDFconversion=\toks24
) (/usr/share/texlive/texmf-dist/tex/latex/oberdiek/epstopdf-base.sty
Package: epstopdf-base 2010/02/09 v2.5 Base part for package epstopdf

(/usr/share/texlive/texmf-dist/tex/latex/oberdiek/grfext.sty
Package: grfext 2010/08/19 v1.1 Manage graphics extensions (HO)
)
Package grfext Info: Graphics extension search list:
(grfext)             [.png,.pdf,.jpg,.mps,.jpeg,.jbig2,.jb2,.PNG,.PDF,.JPG,.JPE
G,.JBIG2,.JB2,.eps]
(grfext)             \AppendGraphicsExtensions on input line 452.

(/usr/share/texlive/texmf-dist/tex/latex/latexconfig/epstopdf-sys.cfg
File: epstopdf-sys.cfg 2010/07/13 v1.3 Configuration of (r)epstopdf for TeX Liv
e
))
LaTeX Font Info:    External font `cmex10' loaded for size
(Font)              <10.95> on input line 25.
LaTeX Font Info:    External font `cmex10' loaded for size
(Font)              <8> on input line 25.
LaTeX Font Info:    External font `cmex10' loaded for size
(Font)              <6> on input line 25.

Overfull \hbox (3.53595pt too wide) in paragraph at lines 38--39
 \OT1/cmr/bx/n/10.95 1.Exploratory anal-y-ses.[][] \OT1/cmr/m/n/10.95 We first 
ex-plored the con-tact sur-vey dataset.
 []

<fig_mean_number_of_contacts.pdf, id=40, 369.38pt x 369.38pt>
File: fig_mean_number_of_contacts.pdf Graphic file (type pdf)

<use fig_mean_number_of_contacts.pdf>
Package pdftex.def Info: fig_mean_number_of_contacts.pdf used on input line 47.

(pdftex.def)             Requested size: 369.37909pt x 369.37909pt.

Overfull \hbox (9.37909pt too wide) in paragraph at lines 47--48
 [][] 
 []

[1{/var/lib/texmf/fonts/map/pdftex/updmap/pdftex.map}

] [2 <./fig_mean_number_of_contacts.pdf>]
Missing character: There is no â in font cmr10!
Missing character: There is no € in font cmr10!
Missing character: There is no ™ in font cmr10!

Overfull \hbox (39.97856pt too wide) in paragraph at lines 57--58
\OT1/cmr/m/n/10.95 by par-tic-i-pant age, con-tact age, par-tic-i-pant sex and 
con-tact sex (\OT1/cmtt/m/n/10.95 polymod.cont.tab\OT1/cmr/m/n/10.95 ).
 []


Overfull \hbox (2.16733pt too wide) in paragraph at lines 130--130
[]\OT1/cmtt/m/n/10.95 # Make age a categorical variable (needed for cross tabul
ation)[] 
 []

[3]
Overfull \hbox (71.15158pt too wide) in paragraph at lines 130--130
[]\OT1/cmtt/m/n/10.95 # Cross tabulate number of participants for each combinat
ion of age and sex[] 
 []


Overfull \hbox (36.65945pt too wide) in paragraph at lines 130--130
[]\OT1/cmtt/m/n/10.95 polymod.part.tab <- with(subset(polymod.data, !duplicated
(local.id)),[] 
 []


Overfull \hbox (48.15683pt too wide) in paragraph at lines 130--130
[]\OT1/cmtt/m/n/10.95 # Cross tabulate number of contacts for each combination 
of age and sex[] 
 []


Overfull \hbox (13.6647pt too wide) in paragraph at lines 130--130
[]\OT1/cmtt/m/n/10.95 pop.data <- with(pop.data, pop.data[order(cont.sex, cont.
age), ])[] 
 []


Overfull \hbox (25.16208pt too wide) in paragraph at lines 130--130
[]\OT1/cmtt/m/n/10.95 # Calculate denominator U = number of participants t x po
pulation w[] 
 []

[4]
Overfull \hbox (59.6542pt too wide) in paragraph at lines 130--130
[]\OT1/cmtt/m/n/10.95 # Divide by 1e6 for better numerical properties (inflates
 contact rate c)[] 
 []

[5]
Overfull \hbox (42.40814pt too wide) in paragraph at lines 194--194
[]    \OT1/cmtt/m/n/10.95 node.MM <- node.FF <- matrix(0, nrow = n, ncol = n) #
 Empty matrix[] 
 []


Overfull \hbox (76.90027pt too wide) in paragraph at lines 194--194
[]    \OT1/cmtt/m/n/10.95 LT <- lower.tri(node.MM, diag = TRUE) # Lower tri of 
MM and FF with diag[] 
 []


Overfull \hbox (19.41339pt too wide) in paragraph at lines 194--194
[]    \OT1/cmtt/m/n/10.95 node.MM[ LT] <- 1:nn1           # Fill lower tri with
 node IDs[] 
 []


Overfull \hbox (30.91077pt too wide) in paragraph at lines 194--194
[]    \OT1/cmtt/m/n/10.95 node.MM[!LT] <- t(node.MM)[!LT] # Fill upper tri with
 transposed[] 
 []


Overfull \hbox (99.89502pt too wide) in paragraph at lines 194--194
[]    \OT1/cmtt/m/n/10.95 node.FM      <- matrix(nn1 + 1:nn2, nrow = n, ncol = 
n) # Fill entire matrix[] 
 []


Overfull \hbox (53.90552pt too wide) in paragraph at lines 194--194
[]    \OT1/cmtt/m/n/10.95 node.MF      <- t(node.FM)                           
   # Transposed[] 
 []

[6]
Overfull \hbox (30.91077pt too wide) in paragraph at lines 223--223
[]  \OT1/cmtt/m/n/10.95 D1 <- kronecker(In, D0)      # Differences in horizonta
l direction[] 
 []


Overfull \hbox (30.91077pt too wide) in paragraph at lines 223--223
[]  \OT1/cmtt/m/n/10.95 D2 <- kronecker(D0, In)      # Differences in   vertica
l direction[] 
 []


Overfull \hbox (30.91077pt too wide) in paragraph at lines 223--223
[]    \OT1/cmtt/m/n/10.95 ri1.mat <- matrix(1:((n - order)*n), nrow = n - order
, ncol = n)[] 
 []


Overfull \hbox (30.91077pt too wide) in paragraph at lines 223--223
[]    \OT1/cmtt/m/n/10.95 ri2.mat <- matrix(1:(n*(n - order)), nrow = n, ncol =
 n - order)[] 
 []


Overfull \hbox (94.14633pt too wide) in paragraph at lines 223--223
[]    \OT1/cmtt/m/n/10.95 ri1 <- ri1.mat[row(ri1.mat) >=  col(ri1.mat)         
] # Rows to keep in D1[] 
 []


Overfull \hbox (94.14633pt too wide) in paragraph at lines 223--223
[]    \OT1/cmtt/m/n/10.95 ri2 <- ri2.mat[row(ri2.mat) >= (col(ri2.mat) + order)
] # Rows to keep in D2[] 
 []


Overfull \hbox (111.3924pt too wide) in paragraph at lines 223--223
[]    \OT1/cmtt/m/n/10.95 ci  <-  ci.mat[row(ci.mat)  >=  col(ci.mat)          
] # Cols to keep in D1&D2[] 
 []


Overfull \hbox (105.6437pt too wide) in paragraph at lines 223--223
[]    \OT1/cmtt/m/n/10.95 return(list(D0 = D0, D1 = D1, D2 = D2, ri1 = ri1, ri2
 = ri2, ci = ci, D = D))[] 
 []


Overfull \hbox (48.15683pt too wide) in paragraph at lines 249--249
[]    \OT1/cmtt/m/n/10.95 D.MM <- D.FF <- construct.Dmat(n, order, tri = TRUE )
$D # MM and FF[] 
 []

[7]
Overfull \hbox (7.91602pt too wide) in paragraph at lines 249--249
[]    \OT1/cmtt/m/n/10.95 D.FM         <- construct.Dmat(n, order, tri = FALSE)
$D # FM[] 
 []


Overfull \hbox (36.65945pt too wide) in paragraph at lines 249--249
[]    \OT1/cmtt/m/n/10.95 D <- bdiag(D.MM, D.FM, D.FF) # Block diagonal differe
nce matrix D[] 
 []


Overfull \hbox (105.6437pt too wide) in paragraph at lines 249--249
[]    \OT1/cmtt/m/n/10.95 R <- as(R, "dsCMatrix")      # R is symmetric sparse 
column compressed matrix[] 
 []

[8]
Overfull \hbox (53.90552pt too wide) in paragraph at lines 280--280
[]    \OT1/cmtt/m/n/10.95 hyper = list(prec = list(prior = "loggamma", param = 
c(1, 0.0001))),[] 
 []


Overfull \hbox (25.16208pt too wide) in paragraph at lines 280--280
[]  \OT1/cmtt/m/n/10.95 control.fixed = list(mean.intercept = 0, prec.intercept
 = 0.001),[] 
 []


Overfull \hbox (59.6542pt too wide) in paragraph at lines 280--280
[]    \OT1/cmtt/m/n/10.95 hyper = list(theta = list(prior = "gaussian", param =
 c(0, 0.001)))),[] 
 []


Overfull \hbox (13.6647pt too wide) in paragraph at lines 280--280
[]    \OT1/cmtt/m/n/10.95 cpo = TRUE,     # Compute cross-validated predictive 
measures[] 
 []


Overfull \hbox (65.4029pt too wide) in paragraph at lines 297--297
[]  \OT1/cmtt/m/n/10.95 # Divide c by 1e6 to go back to original scale (deflate
s contact rate c)[] 
 []

[9] <fig_contact_matrix_aggregated.pdf, id=104, 369.38pt x 369.38pt>
File: fig_contact_matrix_aggregated.pdf Graphic file (type pdf)

<use fig_contact_matrix_aggregated.pdf>
Package pdftex.def Info: fig_contact_matrix_aggregated.pdf used on input line 3
11.
(pdftex.def)             Requested size: 369.37909pt x 369.37909pt.

Overfull \hbox (9.37909pt too wide) in paragraph at lines 311--312
 [][] 
 []


Overfull \hbox (7.91602pt too wide) in paragraph at lines 423--423
[]\OT1/cmtt/m/n/10.95 age.cat <- cut(x = age, breaks = seq(from = 0, to = 80, b
y = 5),[] 
 []


Overfull \hbox (13.6647pt too wide) in paragraph at lines 423--423
[]\OT1/cmtt/m/n/10.95 # Reshape pop.data in wide format. Sex is put in separate
 columns[] 
 []

[10] [11 <./fig_contact_matrix_aggregated.pdf>]
Overfull \hbox (94.14633pt too wide) in paragraph at lines 423--423
[]\OT1/cmtt/m/n/10.95 # Create a dataframe contact.data with n^2 rows. Sex is p
ut in separate columns[] 
 []


Overfull \hbox (53.90552pt too wide) in paragraph at lines 423--423
[]\OT1/cmtt/m/n/10.95 record.id.part <- match(x = contact.data$part.age, table 
= pop.data$age)[] 
 []


Overfull \hbox (82.64896pt too wide) in paragraph at lines 423--423
[]    \OT1/cmtt/m/n/10.95 pop.data[record.id.part, "wF"]*(mFM + mFF))/pop.data[
record.id.part, "w"][] 
 []


Overfull \hbox (53.90552pt too wide) in paragraph at lines 423--423
[]\OT1/cmtt/m/n/10.95 record.id.cont <- match(x = contact.data$cont.age, table 
= pop.data$age)[] 
 []

[12]
Overfull \hbox (111.3924pt too wide) in paragraph at lines 423--423
[]  \OT1/cmtt/m/n/10.95 m   <- pop.data[record.id.part, "w" ]*m  /pop.data.agg[
record.id.part.agg, "w" ][] 
 []


Overfull \hbox (111.3924pt too wide) in paragraph at lines 423--423
[]  \OT1/cmtt/m/n/10.95 mMM <- pop.data[record.id.part, "wM"]*mMM/pop.data.agg[
record.id.part.agg, "wM"][] 
 []


Overfull \hbox (111.3924pt too wide) in paragraph at lines 423--423
[]  \OT1/cmtt/m/n/10.95 mFM <- pop.data[record.id.part, "wF"]*mFM/pop.data.agg[
record.id.part.agg, "wF"][] 
 []


Overfull \hbox (111.3924pt too wide) in paragraph at lines 423--423
[]  \OT1/cmtt/m/n/10.95 mMF <- pop.data[record.id.part, "wM"]*mMF/pop.data.agg[
record.id.part.agg, "wM"][] 
 []


Overfull \hbox (111.3924pt too wide) in paragraph at lines 423--423
[]  \OT1/cmtt/m/n/10.95 mFF <- pop.data[record.id.part, "wF"]*mFF/pop.data.agg[
record.id.part.agg, "wF"][] 
 []


Overfull \hbox (19.41339pt too wide) in paragraph at lines 423--423
[]  \OT1/cmtt/m/n/10.95 x = contact.data.agg$cont.age.cat, table = pop.data.agg
$age.cat)[] 
 []

[13]
Package atveryend Info: Empty hook `BeforeClearDocument' on input line 440.
 [14]
Package atveryend Info: Empty hook `AfterLastShipout' on input line 440.
 (./Contact_Patterns_SuppMat.aux)
Package atveryend Info: Executing hook `AtVeryEndDocument' on input line 440.
Package atveryend Info: Executing hook `AtEndAfterFileList' on input line 440.
Package rerunfilecheck Info: File `Contact_Patterns_SuppMat.out' has not change
d.
(rerunfilecheck)             Checksum: FAD87FEEDCE0833276CCC4D6F828D4FC;577.
Package atveryend Info: Empty hook `AtVeryVeryEnd' on input line 440.
 ) 
Here is how much of TeX's memory you used:
 6971 strings out of 495028
 97253 string characters out of 6181498
 182290 words of memory out of 5000000
 10078 multiletter control sequences out of 15000+600000
 12244 words of font info for 43 fonts, out of 8000000 for 9000
 14 hyphenation exceptions out of 8191
 34i,8n,29p,1466b,449s stack positions out of 5000i,500n,10000p,200000b,80000s
</usr/share/texlive/texmf-dist/fonts/type1/public/amsfonts/cm/cmbx10.pfb></us
r/share/texlive/texmf-dist/fonts/type1/public/amsfonts/cm/cmcsc10.pfb></usr/sha
re/texlive/texmf-dist/fonts/type1/public/amsfonts/cm/cmex10.pfb></usr/share/tex
live/texmf-dist/fonts/type1/public/amsfonts/cm/cmmi10.pfb></usr/share/texlive/t
exmf-dist/fonts/type1/public/amsfonts/cm/cmmi8.pfb></usr/share/texlive/texmf-di
st/fonts/type1/public/amsfonts/cm/cmmib10.pfb></usr/share/texlive/texmf-dist/fo
nts/type1/public/amsfonts/cm/cmr10.pfb></usr/share/texlive/texmf-dist/fonts/typ
e1/public/amsfonts/cm/cmr6.pfb></usr/share/texlive/texmf-dist/fonts/type1/publi
c/amsfonts/cm/cmr8.pfb></usr/share/texlive/texmf-dist/fonts/type1/public/amsfon
ts/cm/cmr9.pfb></usr/share/texlive/texmf-dist/fonts/type1/public/amsfonts/cm/cm
sy10.pfb></usr/share/texlive/texmf-dist/fonts/type1/public/amsfonts/cm/cmsy8.pf
b></usr/share/texlive/texmf-dist/fonts/type1/public/amsfonts/cm/cmti10.pfb></us
r/share/texlive/texmf-dist/fonts/type1/public/amsfonts/cm/cmti7.pfb></usr/share
/texlive/texmf-dist/fonts/type1/public/amsfonts/cm/cmti8.pfb></usr/share/texliv
e/texmf-dist/fonts/type1/public/amsfonts/cm/cmti9.pfb></usr/share/texlive/texmf
-dist/fonts/type1/public/amsfonts/cm/cmtt10.pfb>
Output written on Contact_Patterns_SuppMat.pdf (14 pages, 228211 bytes).
PDF statistics:
 214 PDF objects out of 1000 (max. 8388607)
 174 compressed objects within 2 object streams
 37 named destinations out of 1000 (max. 500000)
 83 words of extra memory for PDF output out of 10000 (max. 10000000)

